<?xml version="1.0" encoding="UTF-8"?>
<!-- Generated by org.testng.reporters.JUnitReportReporter -->
<<<<<<< HEAD
<testsuite hostname="Dhruv" failures="0" tests="1" name="anottations.ExecutionOrderOfAnnotation" time="0.010" errors="0" timestamp="2024-07-24T17:43:40 IST" skipped="0">
  <testcase classname="anottations.ExecutionOrderOfAnnotation" name="testAnnotation" time="0.010"/>
=======
<testsuite hostname="DEL1-LHP-N72117" failures="0" tests="1" name="anottations.ExecutionOrderOfAnnotation" time="0.009" errors="0" timestamp="2024-09-05T15:48:52 IST" skipped="0">
  <testcase classname="anottations.ExecutionOrderOfAnnotation" name="testAnnotation" time="0.009"/>
>>>>>>> 7b7e8fddbcbd9532bdf6d96863cd94e0fee13f73
  <system-out/>
</testsuite> <!-- anottations.ExecutionOrderOfAnnotation -->
