<?xml version="1.0" encoding="UTF-8"?>
<!-- Generated by org.testng.reporters.JUnitReportReporter -->
<testsuite hostname="DEL1-LHP-N72117" failures="0" tests="1" name="anottations.TestA" time="0.010" errors="0" timestamp="2024-09-05T15:50:12 IST" skipped="0">
  <testcase classname="anottations.TestA" name="get" time="0.010"/>
  <system-out/>
</testsuite> <!-- anottations.TestA -->
