<?xml version="1.0" encoding="UTF-8"?>
<!-- Generated by org.testng.reporters.JUnitReportReporter -->
<testsuite hostname="Dhruv" failures="0" tests="1" name="resreqAPI.PostRequest" time="1.791" errors="0" timestamp="2024-11-06T18:36:00 IST" skipped="0">
  <testcase classname="resreqAPI.PostRequest" name="testPostMethod" time="1.791"/>
  <system-out/>
</testsuite> <!-- resreqAPI.PostRequest -->
