<?xml version="1.0" encoding="UTF-8"?>
<!-- Generated by org.testng.reporters.JUnitReportReporter -->
<testsuite hostname="DEL1-LHP-N72117" failures="0" tests="1" name="anottations.TestA" time="0.007" errors="0" timestamp="2024-01-12T20:48:10 IST" skipped="0">
  <testcase classname="anottations.TestA" name="get" time="0.007"/>
  <system-out/>
</testsuite> <!-- anottations.TestA -->
