<?xml version="1.0" encoding="UTF-8"?>
<!-- Generated by org.testng.reporters.JUnitReportReporter -->
<testsuite hostname="DEL1-LHP-N72117" failures="0" tests="6" name="anottations.InvocationCount" time="0.027" errors="0" timestamp="2024-09-05T16:24:53 IST" skipped="0">
  <testcase classname="anottations.InvocationCount" name="testMethod2" time="0.002"/>
  <system-out/>
  <testcase classname="anottations.InvocationCount" name="testMethod2" time="0.002"/>
  <system-out/>
  <testcase classname="anottations.InvocationCount" name="testMethod3" time="0.002"/>
  <system-out/>
  <testcase classname="anottations.InvocationCount" name="testMethod1" time="0.017"/>
  <system-out/>
  <testcase classname="anottations.InvocationCount" name="testMethod3" time="0.002"/>
  <system-out/>
  <testcase classname="anottations.InvocationCount" name="testMethod3" time="0.002"/>
  <system-out/>
</testsuite> <!-- anottations.InvocationCount -->
