<?xml version="1.0" encoding="UTF-8"?>
<!-- Generated by org.testng.reporters.JUnitReportReporter -->
<testsuite hostname="Dhruv" failures="0" tests="4" name="SeleniumInterviewQues.DropDownHandling" time="21.260" errors="0" timestamp="2025-01-23T16:16:57 IST" skipped="0">
  <testcase classname="SeleniumInterviewQues.DropDownHandling" name="multiSelectDropDown" time="5.022"/>
  <system-out/>
  <testcase classname="SeleniumInterviewQues.DropDownHandling" name="selectDropDown" time="5.187"/>
  <system-out/>
  <testcase classname="SeleniumInterviewQues.DropDownHandling" name="selectLanguageDropDown" time="5.567"/>
  <system-out/>
  <testcase classname="SeleniumInterviewQues.DropDownHandling" name="selectCountryDropDown" time="5.484"/>
  <system-out/>
</testsuite> <!-- SeleniumInterviewQues.DropDownHandling -->
