<?xml version="1.0" encoding="UTF-8"?>
<!-- Generated by org.testng.reporters.JUnitReportReporter -->
<testsuite hostname="DEL1-LHP-N72117" failures="0" tests="1" name="resreqAPI.GetSingleUser" time="2.871" errors="0" timestamp="2025-01-27T21:17:34 IST" skipped="0">
  <testcase classname="resreqAPI.GetSingleUser" name="testSingleUser" time="2.871"/>
  <system-out/>
</testsuite> <!-- resreqAPI.GetSingleUser -->
