<?xml version="1.0" encoding="UTF-8"?>
<!-- Generated by org.testng.reporters.JUnitReportReporter -->
<testsuite hostname="DEL1-LHP-N72117" failures="0" tests="3" name="anottations.Grouping" time="0.027" errors="0" timestamp="2024-09-05T16:40:43 IST" skipped="0">
  <testcase classname="anottations.Grouping" name="testMethod3" time="0.002"/>
  <system-out/>
  <testcase classname="anottations.Grouping" name="testMethod2" time="0.003"/>
  <system-out/>
  <testcase classname="anottations.Grouping" name="testMethod1" time="0.022"/>
  <system-out/>
</testsuite> <!-- anottations.Grouping -->
