<?xml version="1.0" encoding="UTF-8"?>
<!-- Generated by org.testng.reporters.JUnitReportReporter -->
<testsuite hostname="DEL1-LHP-N72117" failures="0" tests="3" name="anottations.PeriortyInTestNG" time="0.025" errors="0" timestamp="2024-09-05T16:18:35 IST" skipped="0">
  <testcase classname="anottations.PeriortyInTestNG" name="mediumPriorityTest" time="0.020"/>
  <system-out/>
  <testcase classname="anottations.PeriortyInTestNG" name="lowPriorityTest" time="0.002"/>
  <system-out/>
  <testcase classname="anottations.PeriortyInTestNG" name="highPriorityTest" time="0.003"/>
  <system-out/>
</testsuite> <!-- anottations.PeriortyInTestNG -->
