<?xml version="1.0" encoding="UTF-8"?>
<!-- Generated by org.testng.reporters.JUnitReportReporter -->
<testsuite hostname="DEL1-LHP-N72117" failures="0" tests="3" name="anottations.DataProviderExample" time="0.012" errors="0" timestamp="2024-09-05T16:02:56 IST" skipped="0">
  <testcase classname="anottations.DataProviderExample" name="loginTest" time="0.001"/>
  <system-out>
    <![CDATA[UserName3
Password3]]>
  </system-out>
  <testcase classname="anottations.DataProviderExample" name="loginTest" time="0.010"/>
  <system-out>
    <![CDATA[UserName1
Password1]]>
  </system-out>
  <testcase classname="anottations.DataProviderExample" name="loginTest" time="0.001"/>
  <system-out>
    <![CDATA[UserName2
Password2]]>
  </system-out>
</testsuite> <!-- anottations.DataProviderExample -->
