<?xml version="1.0" encoding="UTF-8"?>
<!-- Generated by org.testng.reporters.JUnitReportReporter -->
<testsuite hostname="Dhruv" failures="0" tests="2" name="pojo.UserTest" time="2.641" errors="0" timestamp="2024-11-07T10:53:32 IST" skipped="0">
  <testcase classname="pojo.UserTest" name="createNewUserJSONFromUserPOJOClass" time="2.616"/>
  <system-out/>
  <testcase classname="pojo.UserTest" name="getPojoFromUserObject" time="0.025"/>
  <system-out/>
</testsuite> <!-- pojo.UserTest -->
