<?xml version="1.0" encoding="UTF-8"?>
<!-- Generated by org.testng.reporters.JUnitReportReporter -->
<testsuite hostname="DEL1-LHP-N72117" failures="0" tests="2" name="CrossBrowser.ParallelTesting" time="19.083" errors="0" timestamp="2024-09-05T18:22:32 IST" skipped="0">
  <testcase classname="CrossBrowser.ParallelTesting" name="launchFireFoxBrowser" time="12.770"/>
  <system-out/>
  <testcase classname="CrossBrowser.ParallelTesting" name="launchChromeBrowser" time="6.313"/>
  <system-out/>
</testsuite> <!-- CrossBrowser.ParallelTesting -->
