<?xml version="1.0" encoding="UTF-8"?>
<!-- Generated by org.testng.reporters.JUnitReportReporter -->
<testsuite hostname="DEL1-LHP-N72117" name="anottations.ExecutionOrderOfAnnotation" tests="1" failures="0" timestamp="16 Jun 2022 05:42:35 GMT" time="0.000" errors="0">
  <testcase name="testAnnotation" time="0.000" classname="anottations.ExecutionOrderOfAnnotation"/>
</testsuite> <!-- anottations.ExecutionOrderOfAnnotation -->
