<?xml version="1.0" encoding="UTF-8"?>
<!-- Generated by org.testng.reporters.JUnitReportReporter -->
<testsuite hostname="Dhruv" failures="0" tests="4" name="SeleniumInterviewQues.AlertExamples" time="25.503" errors="0" timestamp="2025-01-23T17:38:11 IST" skipped="0">
  <testcase classname="SeleniumInterviewQues.AlertExamples" name="testAcceptAlert" time="6.236"/>
  <system-out/>
  <testcase classname="SeleniumInterviewQues.AlertExamples" name="testDidmisAlertAndReadText" time="5.576"/>
  <system-out/>
  <testcase classname="SeleniumInterviewQues.AlertExamples" name="testMordenAlert" time="6.778"/>
  <system-out/>
  <testcase classname="SeleniumInterviewQues.AlertExamples" name="testSendKeysInAlert" time="6.913"/>
  <system-out/>
</testsuite> <!-- SeleniumInterviewQues.AlertExamples -->
