<?xml version="1.0" encoding="UTF-8"?>
<!-- Generated by org.testng.reporters.JUnitReportReporter -->
<testsuite hostname="DEL1-LHP-N72117" failures="0" tests="1" name="CrossBrowser.LaunchFireFoxBrowser" time="9.142" errors="0" timestamp="2024-09-05T20:37:23 IST" skipped="0">
  <testcase classname="CrossBrowser.LaunchFireFoxBrowser" name="testChrome" time="9.142"/>
  <system-out/>
</testsuite> <!-- CrossBrowser.LaunchFireFoxBrowser -->
