<?xml version="1.0" encoding="UTF-8"?>
<!-- Generated by org.testng.reporters.JUnitReportReporter -->
<testsuite hostname="Dhruv" failures="0" tests="1" name="FramesHandling.FrameHandlingRedBus" time="4.303" errors="0" timestamp="2025-01-22T16:43:45 IST" skipped="0">
  <testcase classname="FramesHandling.FrameHandlingRedBus" name="testFrames" time="4.303"/>
  <system-out/>
</testsuite> <!-- FramesHandling.FrameHandlingRedBus -->
