<?xml version="1.0" encoding="UTF-8"?>
<!-- Generated by org.testng.reporters.JUnitReportReporter -->
<testsuite hostname="Dhruv" failures="0" tests="1" name="SeleniumInterviewQues.DifferentButtonsClick" time="4.533" errors="0" timestamp="2025-01-23T13:48:28 IST" skipped="0">
  <testcase classname="SeleniumInterviewQues.DifferentButtonsClick" name="testDifferentButtons" time="4.533"/>
  <system-out/>
</testsuite> <!-- SeleniumInterviewQues.DifferentButtonsClick -->
