<?xml version="1.0" encoding="UTF-8"?>
<!-- Generated by org.testng.reporters.JUnitReportReporter -->
<testsuite hostname="DEL1-LHP-N72117" failures="0" tests="2" name="anottations.DependsOnMethod" time="0.021" errors="0" timestamp="2024-09-05T16:12:02 IST" skipped="0">
  <testcase classname="anottations.DependsOnMethod" name="testMethod2" time="0.002"/>
  <system-out/>
  <testcase classname="anottations.DependsOnMethod" name="testMethod1" time="0.019"/>
  <system-out/>
</testsuite> <!-- anottations.DependsOnMethod -->
