<?xml version="1.0" encoding="UTF-8"?>
<!-- Generated by org.testng.reporters.JUnitReportReporter -->
<testsuite hostname="DEL1-LHP-N72117" failures="0" tests="1" name="CrossBrowser.LaunchChromeBrowser" time="3.598" errors="0" timestamp="2024-09-05T20:37:23 IST" skipped="0">
  <testcase classname="CrossBrowser.LaunchChromeBrowser" name="testChrome" time="3.598"/>
  <system-out/>
</testsuite> <!-- CrossBrowser.LaunchChromeBrowser -->
