<?xml version="1.0" encoding="UTF-8"?>
<!-- Generated by org.testng.reporters.JUnitReportReporter -->
<testsuite hostname="Dhruv" failures="0" tests="1" name="test.Test1" time="2.255" errors="0" timestamp="2024-11-06T11:43:34 IST" skipped="0">
  <testcase classname="test.Test1" name="test22" time="2.255"/>
  <system-out/>
</testsuite> <!-- test.Test1 -->
