<?xml version="1.0" encoding="UTF-8"?>
<!-- Generated by org.testng.reporters.JUnitReportReporter -->
<testsuite hostname="Dhruv" failures="0" tests="1" name="test.ChatGPTPostRequest" time="2.941" errors="0" timestamp="2024-11-06T18:55:34 IST" skipped="0">
  <testcase classname="test.ChatGPTPostRequest" name="createUserAndExtractId" time="2.941"/>
  <system-out/>
</testsuite> <!-- test.ChatGPTPostRequest -->
