<?xml version="1.0" encoding="UTF-8"?>
<!-- Generated by org.testng.reporters.JUnitReportReporter -->
<testsuite hostname="Dhruv" failures="0" tests="1" name="Waits.WebDriverWaitProgram" time="9.214" errors="0" timestamp="2025-01-22T10:08:07 IST" skipped="0">
  <testcase classname="Waits.WebDriverWaitProgram" name="login_withValidWaits" time="9.214"/>
  <system-out>
    <![CDATA[Title Present -->> trueTitle is in Text -->OrangeHRM]]>
  </system-out>
</testsuite> <!-- Waits.WebDriverWaitProgram -->
