<?xml version="1.0" encoding="UTF-8"?>
<!-- Generated by org.testng.reporters.JUnitReportReporter -->
<testsuite hostname="Dhruv" failures="0" tests="2" name="Codality.VerifyLoginMessages" time="2.907" errors="0" timestamp="2024-09-02T20:34:09 IST" skipped="1">
  <testcase classname="Codality.VerifyLoginMessages" name="testScenario3" time="2.907"/>
  <system-out/>
  <testcase classname="Codality.VerifyLoginMessages" name="loginSuccessMessage">
    <skipped/>
  </testcase> <!-- loginSuccessMessage -->
  <system-out/>
</testsuite> <!-- Codality.VerifyLoginMessages -->
