<?xml version="1.0" encoding="UTF-8"?>
<!-- Generated by org.testng.reporters.JUnitReportReporter -->
<testsuite hostname="DEL1-LHP-N72117" failures="0" tests="1" name="anottations.ExecutionOrderOfAnnotation" time="0.009" errors="0" timestamp="2024-09-05T15:48:52 IST" skipped="0">
  <testcase classname="anottations.ExecutionOrderOfAnnotation" name="testAnnotation" time="0.009"/>
  <system-out/>
</testsuite> <!-- anottations.ExecutionOrderOfAnnotation -->
