<?xml version="1.0" encoding="UTF-8"?>
<!-- Generated by org.testng.reporters.JUnitReportReporter -->
<testsuite hostname="DEL1-LHP-N72117" failures="0" tests="2" name="anottations.BeforeMethodAndBeforeTest" time="0.010" errors="0" timestamp="2024-09-05T16:07:48 IST" skipped="0">
  <testcase classname="anottations.BeforeMethodAndBeforeTest" name="testMethod1" time="0.008"/>
  <system-out/>
  <testcase classname="anottations.BeforeMethodAndBeforeTest" name="testMethod2" time="0.002"/>
  <system-out/>
</testsuite> <!-- anottations.BeforeMethodAndBeforeTest -->
