<?xml version="1.0" encoding="UTF-8"?>
<!-- Generated by org.testng.reporters.JUnitReportReporter -->
<testsuite hostname="DEL1-LHP-N72117" failures="0" tests="3" name="anottations.TestEnableDisable" time="0.024" errors="0" timestamp="2024-09-05T16:23:03 IST" skipped="1">
  <testcase classname="anottations.TestEnableDisable" name="testMethod2" time="0.004"/>
  <system-out/>
  <testcase classname="anottations.TestEnableDisable" name="testMethod1" time="0.020"/>
  <system-out/>
  <testcase classname="anottations.TestEnableDisable" name="testMethod3">
    <skipped/>
  </testcase> <!-- testMethod3 -->
  <system-out/>
</testsuite> <!-- anottations.TestEnableDisable -->
