<?xml version="1.0" encoding="UTF-8"?>
<!-- Generated by org.testng.reporters.JUnitReportReporter -->
<testsuite hostname="Dhruv" failures="0" tests="1" name="CrossBrowser.LaunchChromeBrowser" time="2.558" errors="0" timestamp="2024-09-09T22:59:29 IST" skipped="0">
  <testcase classname="CrossBrowser.LaunchChromeBrowser" name="testChrome" time="2.558"/>
  <system-out/>
</testsuite> <!-- CrossBrowser.LaunchChromeBrowser -->
