<?xml version="1.0" encoding="UTF-8"?>
<!-- Generated by org.testng.reporters.JUnitReportReporter -->
<testsuite hostname="Dhruv" failures="0" tests="1" name="SeleniumInterviewQues.TakeScreenShots" time="5.658" errors="0" timestamp="2025-01-22T13:05:22 IST" skipped="0">
  <testcase classname="SeleniumInterviewQues.TakeScreenShots" name="takeScreenShots" time="5.658"/>
  <system-out/>
</testsuite> <!-- SeleniumInterviewQues.TakeScreenShots -->
