<?xml version="1.0" encoding="UTF-8"?>
<!-- Generated by org.testng.reporters.JUnitReportReporter -->
<testsuite hostname="Dhruv" failures="0" tests="1" name="resreqAPI.GetSingleUser" time="1.478" errors="0" timestamp="2024-11-06T12:56:24 IST" skipped="0">
  <testcase classname="resreqAPI.GetSingleUser" name="testSingleUser" time="1.478"/>
  <system-out/>
</testsuite> <!-- resreqAPI.GetSingleUser -->
