<?xml version="1.0" encoding="UTF-8"?>
<!-- Generated by org.testng.reporters.JUnitReportReporter -->
<testsuite hostname="Dhruv" failures="0" tests="1" name="Codality.Test" time="0.012" errors="0" timestamp="2024-07-23T17:37:45 IST" skipped="0">
  <testcase classname="Codality.Test" name="testT" time="0.012"/>
  <system-out/>
</testsuite> <!-- Codality.Test -->
