<?xml version="1.0" encoding="UTF-8"?>
<!-- Generated by org.testng.reporters.JUnitReportReporter -->
<testsuite hostname="Dhruv" failures="0" tests="2" name="pojo.UserTest" time="3.168" errors="0" timestamp="2024-12-16T15:52:40 IST" skipped="0">
  <testcase classname="pojo.UserTest" name="getPojoFromUserObject" time="0.038"/>
  <system-out/>
  <testcase classname="pojo.UserTest" name="createNewUserJSONFromUserPOJOClass" time="3.130"/>
  <system-out/>
</testsuite> <!-- pojo.UserTest -->
