<?xml version="1.0" encoding="UTF-8"?>
<!-- Generated by org.testng.reporters.JUnitReportReporter -->
<testsuite hostname="Dhruv" failures="0" tests="1" name="anottations.ExecutionOrderOfAnnotation" time="0.010" errors="0" timestamp="2024-07-24T17:43:40 IST" skipped="0">
  <testcase classname="anottations.ExecutionOrderOfAnnotation" name="testAnnotation" time="0.010"/>
  <system-out/>
</testsuite> <!-- anottations.ExecutionOrderOfAnnotation -->
