<?xml version="1.0" encoding="UTF-8"?>
<!-- Generated by org.testng.reporters.JUnitReportReporter -->
<testsuite hostname="Dhruv" failures="0" tests="1" name="resreqAPI.GetListOfUser" time="2.734" errors="0" timestamp="2024-12-30T10:21:35 IST" skipped="0">
  <testcase classname="resreqAPI.GetListOfUser" name="getListOfUser" time="2.734"/>
  <system-out/>
</testsuite> <!-- resreqAPI.GetListOfUser -->
